<?xml version="1.0" encoding="UTF-8"?>
<!-- Generated by org.testng.reporters.JUnitXMLReporter -->
<testsuite ignored="1" hostname="LTIN469376" failures="0" tests="1" name="Default test" time="36.579" errors="0" timestamp="2025-07-08T13:01:02 IST">
  <testcase classname="testCases.TS_Login" name="Test_Login_With_valid_Google_Account" time="27.242"/>
  <testcase classname="testCases.TS_Login" name="Test_Login_With_Invalid_Google_Account" time="0.0">
    <ignored/>
  </testcase> <!-- Test_Login_With_Invalid_Google_Account -->
</testsuite> <!-- Default test -->
