<?xml version="1.0" encoding="UTF-8"?>
<!-- Generated by org.testng.reporters.JUnitXMLReporter -->
<testsuite ignored="0" hostname="LTIN484405" failures="0" tests="4" name="ChromeTest" time="66.135" errors="0" timestamp="2025-07-15T12:45:59 IST">
  <testcase classname="testCases.TS_Login" name="Test_Login_With_Invalid_Google_Account" time="4.201"/>
  <testcase classname="testCases.TS_Login" name="Test_Login_With_valid_Google_Account" time="15.766"/>
  <testcase classname="testCases.TS_UpcomingHondaBike" name="get_Honda_Upcoming_Bikes_Under_4lac" time="0.091"/>
  <testcase classname="testCases.TS_UsedCar" name="Test_PopularCarModels" time="5.173"/>
</testsuite> <!-- ChromeTest -->
