<?xml version="1.0" encoding="UTF-8"?>
<!-- Generated by org.testng.reporters.JUnitXMLReporter -->
<testsuite ignored="0" hostname="LTIN484405" failures="1" tests="6" name="ChromeTest" time="197.51" errors="0" timestamp="2025-07-18T16:16:28 IST">
  <testcase classname="testCases.TS_Login" name="Test_Login_With_Invalid_Google_Account" time="4.607"/>
  <testcase classname="testCases.TS_Login" name="Test_Login_With_valid_Google_Account" time="25.757"/>
  <testcase classname="testCases.TS_UpcomingHondaBike" name="get_Honda_Upcoming_Bikes_Under_4lac" time="0.158"/>
  <testcase classname="testCases.TS_UsedCar" name="Test_PopularCarModels_Chennai" time="20.506">
    <failure type="java.lang.AssertionError" message="Test_PopularCarModels_Chennai failed due to unexpected error: Expected condition failed: waiting for element to be clickable: Proxy element for: DefaultElementLocator &amp;apos;By.xpath: //*[@id=&amp;quot;ui-id-5&amp;quot;]/li/a&amp;apos; (tried for 10 second(s) with 500 milliseconds interval)">
      <![CDATA[java.lang.AssertionError: Test_PopularCarModels_Chennai failed due to unexpected error: Expected condition failed: waiting for element to be clickable: Proxy element for: DefaultElementLocator 'By.xpath: //*[@id="ui-id-5"]/li/a' (tried for 10 second(s) with 500 milliseconds interval)
at testCases.TS_UsedCar.Test_PopularCarModels_Chennai(TS_UsedCar.java:69)
at java.base/java.util.ArrayList.forEach(ArrayList.java:1604)
... Removed 26 stack frames]]>
    </failure>
  </testcase> <!-- Test_PopularCarModels_Chennai -->
  <testcase classname="testCases.TS_UsedCar" name="Test_VerifyUsedCarPageTitleAndURL" time="0.028"/>
  <testcase classname="testCases.TS_UsedCar" name="Test_InvalidCitySelection" time="10.182"/>
</testsuite> <!-- ChromeTest -->
