<?xml version="1.0" encoding="UTF-8"?>
<!-- Generated by org.testng.reporters.JUnitXMLReporter -->
<testsuite ignored="0" hostname="LTIN484405" failures="0" tests="3" name="EdgeTest" time="29.974" errors="0" timestamp="2025-07-11T16:18:20 IST">
  <testcase classname="testCases.TS_Login" name="Test_Login_With_Invalid_Google_Account" time="0.0">
    <skipped/>
  </testcase> <!-- Test_Login_With_Invalid_Google_Account -->
  <testcase classname="testCases.TS_Login" name="Test_Login_With_valid_Google_Account" time="0.001">
    <skipped/>
  </testcase> <!-- Test_Login_With_valid_Google_Account -->
  <testcase classname="testCases.TS_UsedCar" name="Test_PopularCarModels" time="0.0">
    <skipped/>
  </testcase> <!-- Test_PopularCarModels -->
</testsuite> <!-- EdgeTest -->
