<?xml version="1.0" encoding="UTF-8"?>
<!-- Generated by org.testng.reporters.JUnitXMLReporter -->
<testsuite ignored="0" hostname="LTIN523134" failures="0" tests="4" name="EdgeTest" time="228.082" errors="0" timestamp="2025-07-17T16:10:11 IST">
  <testcase classname="testCases.TS_Login" name="Test_Login_With_Invalid_Google_Account" time="7.559"/>
  <testcase classname="testCases.TS_Login" name="Test_Login_With_valid_Google_Account" time="41.399"/>
  <testcase classname="testCases.TS_UpcomingHondaBike" name="get_Honda_Upcoming_Bikes_Under_4lac" time="1.539"/>
  <testcase classname="testCases.TS_UsedCar" name="Test_PopularCarModels" time="13.115"/>
</testsuite> <!-- EdgeTest -->
