<?xml version="1.0" encoding="UTF-8"?>
<!-- Generated by org.testng.reporters.JUnitXMLReporter -->
<testsuite ignored="0" hostname="LTIN523134" failures="0" tests="4" name="firefoxTest" time="24.689" errors="0" timestamp="2025-07-17T17:38:59 IST">
  <testcase classname="testCases.TS_Login" name="Test_Login_With_Invalid_Google_Account" time="0.0">
    <skipped/>
  </testcase> <!-- Test_Login_With_Invalid_Google_Account -->
  <testcase classname="testCases.TS_Login" name="Test_Login_With_valid_Google_Account" time="0.0">
    <skipped/>
  </testcase> <!-- Test_Login_With_valid_Google_Account -->
  <testcase classname="testCases.TS_UpcomingHondaBike" name="get_Honda_Upcoming_Bikes_Under_4lac" time="0.0">
    <skipped/>
  </testcase> <!-- get_Honda_Upcoming_Bikes_Under_4lac -->
  <testcase classname="testCases.TS_UsedCar" name="Test_PopularCarModels" time="0.0">
    <skipped/>
  </testcase> <!-- Test_PopularCarModels -->
</testsuite> <!-- firefoxTest -->
