<?xml version="1.0" encoding="UTF-8"?>
<!-- Generated by org.testng.reporters.JUnitXMLReporter -->
<testsuite ignored="0" hostname="LTIN469376" failures="0" tests="3" name="Test" time="54.528" errors="0" timestamp="2025-07-09T17:25:31 IST">
  <testcase classname="testCases.TS_Login" name="Test_Login_With_Invalid_Google_Account" time="2.875"/>
  <testcase classname="testCases.TS_Login" name="Test_Login_With_valid_Google_Account" time="21.395"/>
  <testcase classname="testCases.TS_UsedCar" name="Test_PopularCarModels" time="5.434"/>
</testsuite> <!-- Test -->
