<?xml version="1.0" encoding="UTF-8"?>
<testng-results ignored="0" total="1" passed="1" failed="0" skipped="0">
  <reporter-output>
  </reporter-output>
  <suite started-at="2025-07-09T17:33:18 IST" name="Default suite" finished-at="2025-07-09T17:33:37 IST" duration-ms="18394">
    <groups>
    </groups>
    <test started-at="2025-07-09T17:33:18 IST" name="Default test" finished-at="2025-07-09T17:33:37 IST" duration-ms="18394">
      <class name="testCases.TS_UsedCar">
        <test-method is-config="true" signature="setup()[pri:0, instance:testCases.TS_UsedCar@5542c4ed]" started-at="2025-07-09T17:33:18 IST" name="setup" finished-at="2025-07-09T17:33:24 IST" duration-ms="5751" status="PASS">
          <reporter-output>
          </reporter-output>
        </test-method> <!-- setup -->
        <test-method is-config="true" signature="navigateToUsedCarPage()[pri:0, instance:testCases.TS_UsedCar@5542c4ed]" started-at="2025-07-09T17:33:24 IST" name="navigateToUsedCarPage" finished-at="2025-07-09T17:33:27 IST" duration-ms="3241" status="PASS">
          <reporter-output>
          </reporter-output>
        </test-method> <!-- navigateToUsedCarPage -->
        <test-method signature="Test_PopularCarModels()[pri:0, instance:testCases.TS_UsedCar@5542c4ed]" started-at="2025-07-09T17:33:27 IST" name="Test_PopularCarModels" finished-at="2025-07-09T17:33:33 IST" duration-ms="5355" status="PASS">
          <reporter-output>
          </reporter-output>
        </test-method> <!-- Test_PopularCarModels -->
        <test-method is-config="true" signature="navigateToHomePage()[pri:0, instance:testCases.TS_UsedCar@5542c4ed]" started-at="2025-07-09T17:33:33 IST" name="navigateToHomePage" finished-at="2025-07-09T17:33:33 IST" duration-ms="2" status="PASS">
          <reporter-output>
          </reporter-output>
        </test-method> <!-- navigateToHomePage -->
        <test-method is-config="true" signature="tearDown()[pri:0, instance:testCases.TS_UsedCar@5542c4ed]" started-at="2025-07-09T17:33:33 IST" name="tearDown" finished-at="2025-07-09T17:33:37 IST" duration-ms="3992" status="PASS">
          <reporter-output>
          </reporter-output>
        </test-method> <!-- tearDown -->
      </class> <!-- testCases.TS_UsedCar -->
    </test> <!-- Default test -->
  </suite> <!-- Default suite -->
</testng-results>
