<?xml version="1.0" encoding="UTF-8"?>
<!-- Generated by org.testng.reporters.JUnitXMLReporter -->
<testsuite ignored="2" hostname="LTIN469376" failures="0" tests="3" name="ChromeTest" time="117.056" errors="0" timestamp="2025-07-19T23:20:39 IST">
  <testcase classname="testCases.TS_Login" name="Test_Login_With_Invalid_Google_Account" time="6.629"/>
  <testcase classname="testCases.TS_UpcomingHondaBike" name="get_Honda_Upcoming_Bikes_Under_4lac" time="0.242"/>
  <testcase classname="testCases.TS_UsedCar" name="Test_PopularCarModels" time="14.77"/>
  <testcase classname="testCases.TS_Login" name="Test_Login_With_Empty_Email" time="0.0">
    <ignored/>
  </testcase> <!-- Test_Login_With_Empty_Email -->
  <testcase classname="testCases.TS_Login" name="Test_Login_With_valid_Google_Account" time="0.0">
    <ignored/>
  </testcase> <!-- Test_Login_With_valid_Google_Account -->
</testsuite> <!-- ChromeTest -->
